TN:
SF:index.ts
FNF:0
FNH:0
DA:1,1
DA:3,1
DA:4,1
DA:5,1
DA:7,1
DA:9,1
DA:11,1
DA:12,1
DA:14,1
DA:16,1
LF:10
LH:10
BRF:0
BRH:0
end_of_record
TN:
SF:controllers/task.ts
FN:9,(anonymous_1)
FN:19,(anonymous_2)
FN:31,(anonymous_3)
FN:43,(anonymous_4)
FN:61,(anonymous_5)
FNF:5
FNH:0
FNDA:0,(anonymous_1)
FNDA:0,(anonymous_2)
FNDA:0,(anonymous_3)
FNDA:0,(anonymous_4)
FNDA:0,(anonymous_5)
DA:1,1
DA:3,1
DA:4,1
DA:7,1
DA:9,1
DA:10,0
DA:12,0
DA:13,0
DA:15,0
DA:19,1
DA:20,0
DA:21,0
DA:22,0
DA:24,0
DA:28,1
DA:35,0
DA:36,0
DA:40,1
DA:48,0
DA:49,0
DA:51,0
DA:52,0
DA:54,0
DA:59,1
DA:62,0
DA:63,0
DA:65,0
DA:66,0
DA:68,0
DA:73,1
LF:30
LH:10
BRDA:12,0,0,0
BRDA:12,0,1,0
BRDA:51,1,0,0
BRDA:51,1,1,0
BRDA:65,2,0,0
BRDA:65,2,1,0
BRF:6
BRH:0
end_of_record
TN:
SF:controllers/user.ts
FN:17,(anonymous_1)
FN:33,(anonymous_2)
FN:42,(anonymous_3)
FNF:3
FNH:1
FNDA:0,(anonymous_1)
FNDA:0,(anonymous_2)
FNDA:1,(anonymous_3)
DA:1,1
DA:3,1
DA:4,1
DA:7,1
DA:17,1
DA:22,0
DA:23,0
DA:24,0
DA:26,0
DA:30,1
DA:34,0
DA:36,0
DA:40,1
DA:47,1
DA:48,1
DA:50,1
DA:51,1
DA:53,0
DA:58,1
LF:19
LH:12
BRDA:36,0,0,0
BRDA:50,1,0,1
BRDA:50,1,1,0
BRF:3
BRH:1
end_of_record
TN:
SF:models/task.ts
FN:14,(anonymous_1)
FNF:1
FNH:0
FNDA:0,(anonymous_1)
DA:1,1
DA:3,1
DA:13,1
DA:15,0
DA:16,0
DA:17,0
DA:21,1
DA:23,1
LF:8
LH:5
BRF:0
BRH:0
end_of_record
TN:
SF:models/user.ts
FN:20,(anonymous_1)
FNF:1
FNH:1
FNDA:1,(anonymous_1)
DA:1,1
DA:2,1
DA:4,1
DA:6,1
DA:19,1
DA:21,1
DA:22,1
DA:23,1
DA:27,1
DA:29,1
LF:10
LH:10
BRF:0
BRH:0
end_of_record
TN:
SF:services/tasks.ts
FN:4,(anonymous_1)
FN:8,(anonymous_2)
FN:15,(anonymous_3)
FN:25,(anonymous_4)
FNF:4
FNH:0
FNDA:0,(anonymous_1)
FNDA:0,(anonymous_2)
FNDA:0,(anonymous_3)
FNDA:0,(anonymous_4)
DA:1,1
DA:4,1
DA:5,0
DA:8,1
DA:9,0
DA:10,0
DA:12,0
DA:15,1
DA:19,0
DA:22,0
DA:25,1
DA:26,0
DA:27,0
DA:30,1
LF:14
LH:6
BRF:0
BRH:0
end_of_record
TN:
SF:services/users.ts
FN:6,(anonymous_1)
FN:21,(anonymous_2)
FNF:2
FNH:1
FNDA:0,(anonymous_1)
FNDA:1,(anonymous_2)
DA:1,1
DA:2,1
DA:6,1
DA:10,0
DA:11,0
DA:12,0
DA:14,0
DA:15,0
DA:17,0
DA:21,1
DA:25,1
DA:30,1
LF:12
LH:6
BRF:0
BRH:0
end_of_record
TN:
SF:util/config.ts
FNF:0
FNH:0
DA:1,1
DA:3,1
DA:5,1
DA:6,1
DA:8,1
LF:5
LH:5
BRDA:5,0,0,1
BRDA:5,0,1,0
BRF:2
BRH:1
end_of_record
TN:
SF:util/db.ts
FN:4,(anonymous_1)
FNF:1
FNH:1
FNDA:1,(anonymous_1)
DA:1,1
DA:2,1
DA:4,1
DA:5,1
DA:7,1
DA:8,1
DA:9,1
DA:11,0
DA:15,1
LF:9
LH:8
BRF:0
BRH:0
end_of_record
TN:
SF:util/middleware.ts
FN:5,(anonymous_0)
FNF:1
FNH:0
FNDA:0,(anonymous_0)
DA:2,1
DA:3,1
DA:5,1
DA:11,0
DA:12,0
DA:13,0
DA:14,0
DA:16,0
DA:20,1
LF:9
LH:4
BRDA:11,0,0,0
BRDA:11,0,1,0
BRDA:13,1,0,0
BRDA:13,1,1,0
BRF:4
BRH:0
end_of_record
TN:
SF:util/parser.ts
FNF:0
FNH:0
DA:1,1
DA:3,1
DA:9,1
DA:15,1
LF:4
LH:4
BRF:0
BRH:0
end_of_record
